#-----------------------------------------------------------
# Vivado v2019.1 (64-bit)
# SW Build 2552052 on Fri May 24 14:49:42 MDT 2019
# IP Build 2548770 on Fri May 24 18:01:18 MDT 2019
# Start of session at: Wed May  3 01:21:14 2023
# Process ID: 12340
# Current directory: C:/Projects/ipcore_integration_v2/full_64_hdl/vivado_ip_prj
# Command line: vivado.exe -gui_launcher_event rodinguilauncherevent12136 C:\Projects\ipcore_integration_v2\full_64_hdl\vivado_ip_prj\vivado_prj.xpr
# Log file: C:/Projects/ipcore_integration_v2/full_64_hdl/vivado_ip_prj/vivado.log
# Journal file: C:/Projects/ipcore_integration_v2/full_64_hdl/vivado_ip_prj\vivado.jou
#-----------------------------------------------------------
start_gui
open_project C:/Projects/ipcore_integration_v2/full_64_hdl/vivado_ip_prj/vivado_prj.xpr
Scanning sources...
Finished scanning sources
INFO: [IP_Flow 19-234] Refreshing IP repositories
INFO: [IP_Flow 19-1700] Loaded user IP repository 'c:/Projects/ipcore_integration_v2/full_64_hdl/vivado_ip_prj/ipcore'.
INFO: [IP_Flow 19-2313] Loaded Vivado IP repository 'C:/Xilinx/Vivado/2019.1/data/ip'.
open_project: Time (s): cpu = 00:00:11 ; elapsed = 00:00:06 . Memory (MB): peak = 761.418 ; gain = 86.246
update_compile_order -fileset sources_1
exit
INFO: [Common 17-206] Exiting Vivado at Thu May  4 00:08:09 2023...
